<?xml version="1.0" encoding="utf-8"?><testsuites name="pytest tests"><testsuite name="pytest" errors="0" failures="0" skipped="0" tests="13" time="2.126" timestamp="2026-05-29T09:59:50.160964+00:00" hostname="agent-env-c7e91688-959d-4735-869f-7f491acfebe7"><testcase classname="backend.tests.test_api" name="test_health" time="0.282" /><testcase classname="backend.tests.test_api.TestPricing" name="test_get_pricing_returns_three_plans" time="0.103" /><testcase classname="backend.tests.test_api.TestPricing" name="test_pricing_plan_ids" time="0.137" /><testcase classname="backend.tests.test_api.TestPricing" name="test_studio_highlighted" time="0.112" /><testcase classname="backend.tests.test_api.TestPricing" name="test_pricing_schema" time="0.098" /><testcase classname="backend.tests.test_api.TestProjects" name="test_get_projects_returns_three" time="0.099" /><testcase classname="backend.tests.test_api.TestProjects" name="test_project_schema" time="0.111" /><testcase classname="backend.tests.test_api.TestProjects" name="test_get_project_by_id" time="0.159" /><testcase classname="backend.tests.test_api.TestProjects" name="test_get_project_unknown_returns_404" time="0.098" /><testcase classname="backend.tests.test_api.TestContact" name="test_post_contact_valid" time="0.220" /><testcase classname="backend.tests.test_api.TestContact" name="test_post_contact_invalid_email_returns_422" time="0.136" /><testcase classname="backend.tests.test_api.TestContact" name="test_post_contact_missing_field_returns_422" time="0.135" /><testcase classname="backend.tests.test_api.TestContact" name="test_get_contact_list_sorted_desc" time="0.303" /></testsuite></testsuites>